1742015436380: /favicon.ico new request received
1742015438469: / new request received
1742015439200: /favicon.ico new request received
1742015441314: / new request received
1742015442005: /favicon.ico new request received
1742015740673: /contact new request received
1742015741400: /favicon.ico new request received
1742022334733: /favicon.ico new request received
1742022349343: /contact/myname=reyon new request received
1742022349898: /favicon.ico new request received
1742022385900: /contact?myname=reyon new request received
1742022386518: /favicon.ico new request received
1742023237662: /contact new request received
1742023238491: /favicon.ico new request received
1742024207336: /contact new request received
1742024242773: /contact?name=reyon new request received
1742024640831: /contact?name=reyon&userId=1 new request received
1742024705282: /contact?name=reyon&userId=1 new request received
1742032360696: /contact?name=reyon&userId=1 new request received
1742032413241: /contact?name=reyon&userId=1 new request received
1742032850855: /contact?name=reyon&userId=1 new request received
1742032893201: /contact?name=reyon&userId=1 new request received
1742032902580: /contact?name=reyon&userId=1 new request received
1742032930282: /contact?name=reyon&userId=1&level=4 new request received
1742032938397: /contact?name=reyon&userId=1&level=4 new request received
1742034475262: GET /contact?name=reyon&userId=1&level=4 new request received
1742034512915: GET /about new request received
1742034617284: GET /about new request received
1742035136406: GET /signup new request received
1742035216605: GET /signup new request received
1742035539462: GET /signup new request received
1742051431554: GET /signup new request received
1742052642662: GET /signup new request received
